# JRE version: Java(TM) SE Runtime Environment (8.0_191-b12) (build 1.8.0_191-b12)
# Java VM: Java HotSpot(TM) 64-Bit Server VM (25.191-b12 mixed mode linux-amd64 compressed oops)
Heap:
 PSYoungGen      total 36864K, used 23746K [0x00000000d6f80000, 0x00000000da300000, 0x0000000100000000)
  eden space 31744K, 58% used [0x00000000d6f80000,0x00000000d81b40e0,0x00000000d8e80000)
  from space 5120K, 99% used [0x00000000d8e80000,0x00000000d937c7a8,0x00000000d9380000)
  to   space 5120K, 0% used [0x00000000d9e00000,0x00000000d9e00000,0x00000000da300000)
 ParOldGen       total 64000K, used 11386K [0x0000000084e00000, 0x0000000088c80000, 0x00000000d6f80000)
  object space 64000K, 17% used [0x0000000084e00000,0x000000008591ebf0,0x0000000088c80000)
 Metaspace       used 28553K, capacity 29052K, committed 29312K, reserved 1075200K
  class space    used 3496K, capacity 3620K, committed 3712K, reserved 1048576K
GC Heap History (8 events):
Event: 1.649 GC heap before
{Heap before GC invocations=1 (full 0):
 PSYoungGen      total 36864K, used 31744K [0x00000000d6f80000, 0x00000000d9880000, 0x0000000100000000)
  eden space 31744K, 100% used [0x00000000d6f80000,0x00000000d8e80000,0x00000000d8e80000)
  from space 5120K, 0% used [0x00000000d9380000,0x00000000d9380000,0x00000000d9880000)
  to   space 5120K, 0% used [0x00000000d8e80000,0x00000000d8e80000,0x00000000d9380000)
 ParOldGen       total 84992K, used 0K [0x0000000084e00000, 0x000000008a100000, 0x00000000d6f80000)
  object space 84992K, 0% used [0x0000000084e00000,0x0000000084e00000,0x000000008a100000)
 Metaspace       used 17126K, capacity 17340K, committed 17664K, reserved 1064960K
  class space    used 2091K, capacity 2188K, committed 2304K, reserved 1048576K
Event: 1.658 GC heap after
Heap after GC invocations=1 (full 0):
 PSYoungGen      total 36864K, used 5100K [0x00000000d6f80000, 0x00000000d9880000, 0x0000000100000000)
  eden space 31744K, 0% used [0x00000000d6f80000,0x00000000d6f80000,0x00000000d8e80000)
  from space 5120K, 99% used [0x00000000d8e80000,0x00000000d937b370,0x00000000d9380000)
  to   space 5120K, 0% used [0x00000000d9380000,0x00000000d9380000,0x00000000d9880000)
 ParOldGen       total 84992K, used 3386K [0x0000000084e00000, 0x000000008a100000, 0x00000000d6f80000)
  object space 84992K, 3% used [0x0000000084e00000,0x000000008514eb10,0x000000008a100000)
 Metaspace       used 17126K, capacity 17340K, committed 17664K, reserved 1064960K
  class space    used 2091K, capacity 2188K, committed 2304K, reserved 1048576K
}
Event: 2.255 GC heap before
{Heap before GC invocations=2 (full 0):
 PSYoungGen      total 36864K, used 27652K [0x00000000d6f80000, 0x00000000d9880000, 0x0000000100000000)
  eden space 31744K, 71% used [0x00000000d6f80000,0x00000000d8585f08,0x00000000d8e80000)
  from space 5120K, 99% used [0x00000000d8e80000,0x00000000d937b370,0x00000000d9380000)
  to   space 5120K, 0% used [0x00000000d9380000,0x00000000d9380000,0x00000000d9880000)
 ParOldGen       total 84992K, used 3386K [0x0000000084e00000, 0x000000008a100000, 0x00000000d6f80000)
  object space 84992K, 3% used [0x0000000084e00000,0x000000008514eb10,0x000000008a100000)
 Metaspace       used 20800K, capacity 21114K, committed 21296K, reserved 1069056K
  class space    used 2554K, capacity 2649K, committed 2688K, reserved 1048576K
Event: 2.265 GC heap after
Heap after GC invocations=2 (full 0):
 PSYoungGen      total 36864K, used 5106K [0x00000000d6f80000, 0x00000000db780000, 0x0000000100000000)
  eden space 31744K, 0% used [0x00000000d6f80000,0x00000000d6f80000,0x00000000d8e80000)
  from space 5120K, 99% used [0x00000000d9380000,0x00000000d987c900,0x00000000d9880000)
  to   space 5120K, 0% used [0x00000000d8e80000,0x00000000d8e80000,0x00000000d9380000)
 ParOldGen       total 84992K, used 6848K [0x0000000084e00000, 0x000000008a100000, 0x00000000d6f80000)
  object space 84992K, 8% used [0x0000000084e00000,0x00000000854b0060,0x000000008a100000)
 Metaspace       used 20800K, capacity 21114K, committed 21296K, reserved 1069056K
  class space    used 2554K, capacity 2649K, committed 2688K, reserved 1048576K
}
Event: 2.265 GC heap before
{Heap before GC invocations=3 (full 1):
 PSYoungGen      total 36864K, used 5106K [0x00000000d6f80000, 0x00000000db780000, 0x0000000100000000)
  eden space 31744K, 0% used [0x00000000d6f80000,0x00000000d6f80000,0x00000000d8e80000)
  from space 5120K, 99% used [0x00000000d9380000,0x00000000d987c900,0x00000000d9880000)
  to   space 5120K, 0% used [0x00000000d8e80000,0x00000000d8e80000,0x00000000d9380000)
 ParOldGen       total 84992K, used 6848K [0x0000000084e00000, 0x000000008a100000, 0x00000000d6f80000)
  object space 84992K, 8% used [0x0000000084e00000,0x00000000854b0060,0x000000008a100000)
 Metaspace       used 20800K, capacity 21114K, committed 21296K, reserved 1069056K
  class space    used 2554K, capacity 2649K, committed 2688K, reserved 1048576K
Event: 2.306 GC heap after
Heap after GC invocations=3 (full 1):
 PSYoungGen      total 36864K, used 0K [0x00000000d6f80000, 0x00000000db780000, 0x0000000100000000)
  eden space 31744K, 0% used [0x00000000d6f80000,0x00000000d6f80000,0x00000000d8e80000)
  from space 5120K, 0% used [0x00000000d9380000,0x00000000d9380000,0x00000000d9880000)
  to   space 5120K, 0% used [0x00000000d8e80000,0x00000000d8e80000,0x00000000d9380000)
 ParOldGen       total 64000K, used 8416K [0x0000000084e00000, 0x0000000088c80000, 0x00000000d6f80000)
  object space 64000K, 13% used [0x0000000084e00000,0x0000000085638208,0x0000000088c80000)
 Metaspace       used 20800K, capacity 21114K, committed 21296K, reserved 1069056K
  class space    used 2554K, capacity 2649K, committed 2688K, reserved 1048576K
}
Event: 4.035 GC heap before
{Heap before GC invocations=4 (full 1):
 PSYoungGen      total 36864K, used 30614K [0x00000000d6f80000, 0x00000000db780000, 0x0000000100000000)
  eden space 31744K, 96% used [0x00000000d6f80000,0x00000000d8d65b20,0x00000000d8e80000)
  from space 5120K, 0% used [0x00000000d9380000,0x00000000d9380000,0x00000000d9880000)
  to   space 5120K, 0% used [0x00000000d8e80000,0x00000000d8e80000,0x00000000d9380000)
 ParOldGen       total 64000K, used 8416K [0x0000000084e00000, 0x0000000088c80000, 0x00000000d6f80000)
  object space 64000K, 13% used [0x0000000084e00000,0x0000000085638208,0x0000000088c80000)
 Metaspace       used 28378K, capacity 28860K, committed 29312K, reserved 1075200K
  class space    used 3477K, capacity 3620K, committed 3712K, reserved 1048576K
Event: 4.043 GC heap after
Heap after GC invocations=4 (full 1):
 PSYoungGen      total 36864K, used 5105K [0x00000000d6f80000, 0x00000000da300000, 0x0000000100000000)
  eden space 31744K, 0% used [0x00000000d6f80000,0x00000000d6f80000,0x00000000d8e80000)
  from space 5120K, 99% used [0x00000000d8e80000,0x00000000d937c7a8,0x00000000d9380000)
  to   space 5120K, 0% used [0x00000000d9e00000,0x00000000d9e00000,0x00000000da300000)
 ParOldGen       total 64000K, used 11386K [0x0000000084e00000, 0x0000000088c80000, 0x00000000d6f80000)
  object space 64000K, 17% used [0x0000000084e00000,0x000000008591ebf0,0x0000000088c80000)
 Metaspace       used 28378K, capacity 28860K, committed 29312K, reserved 1075200K
  class space    used 3477K, capacity 3620K, committed 3712K, reserved 1048576K
}

